<?xml version="1.0" encoding="UTF-8"?>
<testsuite name="Scenario: Verify invalid signup error message" time="4.314" tests="15" errors="0" skipped="0" failures="0">
  <properties>
    <property name="java.runtime.name" value="OpenJDK Runtime Environment"/>
    <property name="sun.boot.library.path" value="/Library/Java/JavaVirtualMachines/adoptopenjdk-8.jdk/Contents/Home/jre/lib"/>
    <property name="java.vm.version" value="25.222-b10"/>
    <property name="gopherProxySet" value="false"/>
    <property name="java.vm.vendor" value="AdoptOpenJDK"/>
    <property name="maven.multiModuleProjectDirectory" value="/Users/jn/IdeaProjects/WebProject_DarkSky/technosoft-auto-framework"/>
    <property name="java.vendor.url" value="http://java.oracle.com/"/>
    <property name="path.separator" value=":"/>
    <property name="guice.disable.misplaced.annotation.check" value="true"/>
    <property name="java.vm.name" value="OpenJDK 64-Bit Server VM"/>
    <property name="file.encoding.pkg" value="sun.io"/>
    <property name="user.country" value="US"/>
    <property name="sun.java.launcher" value="SUN_STANDARD"/>
    <property name="sun.os.patch.level" value="unknown"/>
    <property name="java.vm.specification.name" value="Java Virtual Machine Specification"/>
    <property name="user.dir" value="/Users/jn/IdeaProjects/WebProject_DarkSky/technosoft-auto-framework"/>
    <property name="java.runtime.version" value="1.8.0_222-b10"/>
    <property name="java.awt.graphicsenv" value="sun.awt.CGraphicsEnvironment"/>
    <property name="java.endorsed.dirs" value="/Library/Java/JavaVirtualMachines/adoptopenjdk-8.jdk/Contents/Home/jre/lib/endorsed"/>
    <property name="os.arch" value="x86_64"/>
    <property name="java.io.tmpdir" value="/var/folders/j1/l813_09176j0q6hzjj3s0ym40000gp/T/"/>
    <property name="line.separator" value="&#10;"/>
    <property name="java.vm.specification.vendor" value="Oracle Corporation"/>
    <property name="os.name" value="Mac OS X"/>
    <property name="classworlds.conf" value="/usr/local/Cellar/maven/3.6.2/libexec/bin/m2.conf"/>
    <property name="sun.jnu.encoding" value="UTF-8"/>
    <property name="java.library.path" value="/Users/jn/Library/Java/Extensions:/Library/Java/Extensions:/Network/Library/Java/Extensions:/System/Library/Java/Extensions:/usr/lib/java:."/>
    <property name="maven.conf" value="/usr/local/Cellar/maven/3.6.2/libexec/conf"/>
    <property name="java.specification.name" value="Java Platform API Specification"/>
    <property name="java.class.version" value="52.0"/>
    <property name="sun.management.compiler" value="HotSpot 64-Bit Tiered Compilers"/>
    <property name="os.version" value="10.12.6"/>
    <property name="library.jansi.path" value="/usr/local/Cellar/maven/3.6.2/libexec/lib/jansi-native"/>
    <property name="http.nonProxyHosts" value="local|*.local|169.254/16|*.169.254/16"/>
    <property name="user.home" value="/Users/jn"/>
    <property name="user.timezone" value="America/New_York"/>
    <property name="java.awt.printerjob" value="sun.lwawt.macosx.CPrinterJob"/>
    <property name="java.specification.version" value="1.8"/>
    <property name="file.encoding" value="UTF-8"/>
    <property name="user.name" value="jn"/>
    <property name="java.class.path" value="/usr/local/Cellar/maven/3.6.2/libexec/boot/plexus-classworlds-2.6.0.jar"/>
    <property name="java.vm.specification.version" value="1.8"/>
    <property name="sun.arch.data.model" value="64"/>
    <property name="java.home" value="/Library/Java/JavaVirtualMachines/adoptopenjdk-8.jdk/Contents/Home/jre"/>
    <property name="sun.java.command" value="org.codehaus.plexus.classworlds.launcher.Launcher clean test"/>
    <property name="java.specification.vendor" value="Oracle Corporation"/>
    <property name="user.language" value="en"/>
    <property name="awt.toolkit" value="sun.lwawt.macosx.LWCToolkit"/>
    <property name="java.vm.info" value="mixed mode"/>
    <property name="java.version" value="1.8.0_222"/>
    <property name="java.ext.dirs" value="/Users/jn/Library/Java/Extensions:/Library/Java/JavaVirtualMachines/adoptopenjdk-8.jdk/Contents/Home/jre/lib/ext:/Library/Java/Extensions:/Network/Library/Java/Extensions:/System/Library/Java/Extensions:/usr/lib/java"/>
    <property name="sun.boot.class.path" value="/Library/Java/JavaVirtualMachines/adoptopenjdk-8.jdk/Contents/Home/jre/lib/resources.jar:/Library/Java/JavaVirtualMachines/adoptopenjdk-8.jdk/Contents/Home/jre/lib/rt.jar:/Library/Java/JavaVirtualMachines/adoptopenjdk-8.jdk/Contents/Home/jre/lib/sunrsasign.jar:/Library/Java/JavaVirtualMachines/adoptopenjdk-8.jdk/Contents/Home/jre/lib/jsse.jar:/Library/Java/JavaVirtualMachines/adoptopenjdk-8.jdk/Contents/Home/jre/lib/jce.jar:/Library/Java/JavaVirtualMachines/adoptopenjdk-8.jdk/Contents/Home/jre/lib/charsets.jar:/Library/Java/JavaVirtualMachines/adoptopenjdk-8.jdk/Contents/Home/jre/lib/jfr.jar:/Library/Java/JavaVirtualMachines/adoptopenjdk-8.jdk/Contents/Home/jre/classes"/>
    <property name="java.vendor" value="AdoptOpenJDK"/>
    <property name="maven.home" value="/usr/local/Cellar/maven/3.6.2/libexec"/>
    <property name="file.separator" value="/"/>
    <property name="java.vendor.url.bug" value="http://bugreport.sun.com/bugreport/"/>
    <property name="sun.cpu.endian" value="little"/>
    <property name="sun.io.unicode.encoding" value="UnicodeBig"/>
    <property name="socksNonProxyHosts" value="local|*.local|169.254/16|*.169.254/16"/>
    <property name="ftp.nonProxyHosts" value="local|*.local|169.254/16|*.169.254/16"/>
    <property name="sun.cpu.isalist" value=""/>
  </properties>
  <testcase name="Given I am on the launch page" classname="Scenario: Verify the current temperature is between the lowest and highest temperature from the Daily Timeline" time="0.404"/>
  <testcase name="Then I verify current temperature is between the lowest and highest temperature from the Daily Timeline" classname="Scenario: Verify the current temperature is between the lowest and highest temperature from the Daily Timeline" time="0"/>
  <testcase name="Scenario: Verify the current temperature is between the lowest and highest temperature from the Daily Timeline" classname="Scenario: Verify the current temperature is between the lowest and highest temperature from the Daily Timeline" time="0.57"/>
  <testcase name="Given I am on the launch page" classname="Scenario: Verify the temperature timeline for an individual day" time="0.001"/>
  <testcase name="When I click on the temperature range for current day" classname="Scenario: Verify the temperature timeline for an individual day" time="0"/>
  <testcase name="Then I verify the min temperature in the details field matches the min temperature in the temperature range" classname="Scenario: Verify the temperature timeline for an individual day" time="0"/>
  <testcase name="And I verify the max temperature in the details field matches the max temperature in the temperature range" classname="Scenario: Verify the temperature timeline for an individual day" time="0"/>
  <testcase name="Scenario: Verify the temperature timeline for an individual day" classname="Scenario: Verify the temperature timeline for an individual day" time="1.029"/>
  <testcase name="Given I am on the launch page" classname="Scenario: Verify Daily Timeline is displayed in two hour increments" time="0.002"/>
  <testcase name="Then I verify the Daily Timeline is displayed in two hour increments" classname="Scenario: Verify Daily Timeline is displayed in two hour increments" time="0"/>
  <testcase name="Scenario: Verify Daily Timeline is displayed in two hour increments" classname="Scenario: Verify Daily Timeline is displayed in two hour increments" time="0.838"/>
  <testcase name="Given I am on the register page" classname="Scenario: Verify invalid signup error message" time="0.002"/>
  <testcase name="When I click on the register button" classname="Scenario: Verify invalid signup error message" time="0"/>
  <testcase name="Then I verify the error message displayed next to the email text field" classname="Scenario: Verify invalid signup error message" time="0"/>
  <testcase name="Scenario: Verify invalid signup error message" classname="Scenario: Verify invalid signup error message" time="1.468"/>
</testsuite>